#
# There is insufficient memory for the Java Runtime Environment to continue.
# Native memory allocation (malloc) failed to allocate 32744 bytes for ChunkPool::allocate
# Possible reasons:
#   The system is out of physical RAM or swap space
#   In 32 bit mode, the process size limit was hit
# Possible solutions:
#   Reduce memory load on the system
#   Increase physical memory or swap space
#   Check if swap backing store is full
#   Use 64 bit Java on a 64 bit OS
#   Decrease Java heap size (-Xmx/-Xms)
#   Decrease number of Java threads
#   Decrease Java thread stack sizes (-Xss)
#   Set larger code cache with -XX:ReservedCodeCacheSize=
# This output file may be truncated or incomplete.
#
#  Out of Memory Error (allocation.cpp:273), pid=15824, tid=15980
#
# JRE version: Java(TM) SE Runtime Environment (8.0_51-b16) (build 1.8.0_51-b16)
# Java VM: Java HotSpot(TM) 64-Bit Server VM (25.51-b03 mixed mode windows-amd64 compressed oops)
# Failed to write core dump. Minidumps are not enabled by default on client versions of Windows
#

---------------  T H R E A D  ---------------

Current thread (0x0000000015aa1000):  JavaThread "C2 CompilerThread0" daemon [_thread_in_native, id=15980, stack(0x0000000017010000,0x0000000017110000)]

Stack: [0x0000000017010000,0x0000000017110000]
Native frames: (J=compiled Java code, j=interpreted, Vv=VM code, C=native code)
V  [jvm.dll+0x32b4ca]


Current CompileTask:
C2:   7992 1361       4       java.net.URLClassLoader$1::run (5 bytes)


---------------  P R O C E S S  ---------------

Java Threads: ( => current thread )
  0x000000001a568800 JavaThread "File lock request listener" [_thread_in_native, id=1336, stack(0x000000001b570000,0x000000001b670000)]
  0x000000001a99e800 JavaThread "Cache worker for file hash cache (C:\Users\longd\.gradle\caches\4.10.2\fileHashes)" [_thread_blocked, id=16796, stack(0x000000001b470000,0x000000001b570000)]
  0x0000000018093000 JavaThread "Stdin handler" [_thread_blocked, id=68, stack(0x0000000019f60000,0x000000001a060000)]
  0x0000000018080800 JavaThread "Asynchronous log dispatcher for DefaultDaemonConnection: socket connection from /127.0.0.1:56764 to /127.0.0.1:56765" [_thread_blocked, id=13420, stack(0x0000000019e60000,0x0000000019f60000)]
  0x000000001807f800 JavaThread "Daemon worker" [_thread_in_Java, id=6108, stack(0x0000000019d60000,0x0000000019e60000)]
  0x0000000017d5f000 JavaThread "Cancel handler" [_thread_blocked, id=13996, stack(0x0000000019c60000,0x0000000019d60000)]
  0x0000000017d5a000 JavaThread "Handler for socket connection from /127.0.0.1:56764 to /127.0.0.1:56765" [_thread_in_native, id=17164, stack(0x0000000019b60000,0x0000000019c60000)]
  0x0000000017cd8000 JavaThread "Daemon" [_thread_blocked, id=14552, stack(0x0000000019a60000,0x0000000019b60000)]
  0x0000000018920000 JavaThread "Daemon periodic checks" [_thread_blocked, id=16464, stack(0x0000000019960000,0x0000000019a60000)]
  0x000000001891f000 JavaThread "Incoming local TCP Connector on port 56764" [_thread_in_native, id=17096, stack(0x0000000019720000,0x0000000019820000)]
  0x00000000187fe000 JavaThread "Daemon health stats" [_thread_blocked, id=9428, stack(0x00000000190e0000,0x00000000191e0000)]
  0x0000000017359800 JavaThread "Service Thread" daemon [_thread_blocked, id=9208, stack(0x0000000017710000,0x0000000017810000)]
  0x0000000015aa9800 JavaThread "C1 CompilerThread2" daemon [_thread_in_native, id=10944, stack(0x0000000017210000,0x0000000017310000)]
  0x0000000015aa4000 JavaThread "C2 CompilerThread1" daemon [_thread_in_native, id=6300, stack(0x0000000017110000,0x0000000017210000)]
=>0x0000000015aa1000 JavaThread "C2 CompilerThread0" daemon [_thread_in_native, id=15980, stack(0x0000000017010000,0x0000000017110000)]
  0x0000000015a9e800 JavaThread "Attach Listener" daemon [_thread_blocked, id=14520, stack(0x0000000016f10000,0x0000000017010000)]
  0x0000000015a9d000 JavaThread "Signal Dispatcher" daemon [_thread_blocked, id=8940, stack(0x0000000016e10000,0x0000000016f10000)]
  0x00000000033c8000 JavaThread "Finalizer" daemon [_thread_blocked, id=15064, stack(0x0000000016d10000,0x0000000016e10000)]
  0x00000000033bf800 JavaThread "Reference Handler" daemon [_thread_blocked, id=15680, stack(0x0000000016c10000,0x0000000016d10000)]
  0x00000000031ce800 JavaThread "main" [_thread_blocked, id=3572, stack(0x00000000031d0000,0x00000000032d0000)]

Other Threads:
  0x0000000015a67000 VMThread [stack: 0x0000000016b10000,0x0000000016c10000] [id=9136]
  0x0000000015afb800 WatcherThread [stack: 0x0000000017810000,0x0000000017910000] [id=7484]

VM state:not at safepoint (normal execution)

VM Mutex/Monitor currently owned by a thread: None

Heap:
 PSYoungGen      total 28672K, used 18870K [0x00000000eab00000, 0x00000000ecb00000, 0x0000000100000000)
  eden space 24576K, 60% used [0x00000000eab00000,0x00000000eb975a10,0x00000000ec300000)
  from space 4096K, 99% used [0x00000000ec700000,0x00000000ecaf8040,0x00000000ecb00000)
  to   space 4096K, 0% used [0x00000000ec300000,0x00000000ec300000,0x00000000ec700000)
 ParOldGen       total 65536K, used 3685K [0x00000000c0000000, 0x00000000c4000000, 0x00000000eab00000)
  object space 65536K, 5% used [0x00000000c0000000,0x00000000c0399598,0x00000000c4000000)
 Metaspace       used 14796K, capacity 15110K, committed 15360K, reserved 1062912K
  class space    used 2157K, capacity 2297K, committed 2304K, reserved 1048576K

Card table byte_map: [0x0000000012790000,0x00000000129a0000] byte_map_base: 0x0000000012190000

Marking Bits: (ParMarkBitMap*) 0x000000005ccc4040
 Begin Bits: [0x0000000012f00000, 0x0000000013f00000)
 End Bits:   [0x0000000013f00000, 0x0000000014f00000)

Polling page: 0x0000000003140000

CodeCache: size=245760Kb used=5012Kb max_used=5012Kb free=240747Kb
 bounds [0x00000000033d0000, 0x00000000038c0000, 0x00000000123d0000]
 total_blobs=1816 nmethods=1443 adapters=286
 compilation: enabled

Compilation events (10 events):
Event: 7.977 Thread 0x0000000015aa9800 1441       3       java.util.LinkedList::unlinkFirst (64 bytes)
Event: 7.977 Thread 0x0000000015aa9800 nmethod 1441 0x00000000038afe10 code [0x00000000038aff60, 0x00000000038b0190]
Event: 7.977 Thread 0x0000000015aa9800 1437       3       com.google.common.collect.ImmutableMap$Builder::ensureCapacity (33 bytes)
Event: 7.978 Thread 0x0000000015aa9800 nmethod 1437 0x00000000038b0250 code [0x00000000038b0440, 0x00000000038b0d98]
Event: 7.978 Thread 0x0000000015aa9800 1442       3       com.google.common.base.CharMatcher::<init> (10 bytes)
Event: 7.978 Thread 0x0000000015aa9800 nmethod 1442 0x00000000038b11d0 code [0x00000000038b1320, 0x00000000038b14f0]
Event: 7.979 Thread 0x0000000015aa9800 1443       3       com.google.common.base.CharMatcher$FastMatcher::<init> (6 bytes)
Event: 7.979 Thread 0x0000000015aa9800 nmethod 1443 0x00000000038b1590 code [0x00000000038b1700, 0x00000000038b1930]
Event: 7.979 Thread 0x0000000015aa9800 1445       3       com.google.common.base.CharMatcher::showCharacter (70 bytes)
Event: 7.980 Thread 0x0000000015aa4000 1449 %     4       sun.nio.cs.UTF_8$Decoder::decodeArrayLoop @ 73 (691 bytes)

GC Heap History (8 events):
Event: 2.154 GC heap before
{Heap before GC invocations=1 (full 0):
 PSYoungGen      total 28672K, used 24576K [0x00000000eab00000, 0x00000000ecb00000, 0x0000000100000000)
  eden space 24576K, 100% used [0x00000000eab00000,0x00000000ec300000,0x00000000ec300000)
  from space 4096K, 0% used [0x00000000ec700000,0x00000000ec700000,0x00000000ecb00000)
  to   space 4096K, 0% used [0x00000000ec300000,0x00000000ec300000,0x00000000ec700000)
 ParOldGen       total 65536K, used 0K [0x00000000c0000000, 0x00000000c4000000, 0x00000000eab00000)
  object space 65536K, 0% used [0x00000000c0000000,0x00000000c0000000,0x00000000c4000000)
 Metaspace       used 6498K, capacity 6638K, committed 6784K, reserved 1056768K
  class space    used 814K, capacity 875K, committed 896K, reserved 1048576K
Event: 2.168 GC heap after
Heap after GC invocations=1 (full 0):
 PSYoungGen      total 28672K, used 3940K [0x00000000eab00000, 0x00000000ecb00000, 0x0000000100000000)
  eden space 24576K, 0% used [0x00000000eab00000,0x00000000eab00000,0x00000000ec300000)
  from space 4096K, 96% used [0x00000000ec300000,0x00000000ec6d9270,0x00000000ec700000)
  to   space 4096K, 0% used [0x00000000ec700000,0x00000000ec700000,0x00000000ecb00000)
 ParOldGen       total 65536K, used 8K [0x00000000c0000000, 0x00000000c4000000, 0x00000000eab00000)
  object space 65536K, 0% used [0x00000000c0000000,0x00000000c0002000,0x00000000c4000000)
 Metaspace       used 6498K, capacity 6638K, committed 6784K, reserved 1056768K
  class space    used 814K, capacity 875K, committed 896K, reserved 1048576K
}
Event: 3.378 GC heap before
{Heap before GC invocations=2 (full 0):
 PSYoungGen      total 28672K, used 28516K [0x00000000eab00000, 0x00000000ecb00000, 0x0000000100000000)
  eden space 24576K, 100% used [0x00000000eab00000,0x00000000ec300000,0x00000000ec300000)
  from space 4096K, 96% used [0x00000000ec300000,0x00000000ec6d9270,0x00000000ec700000)
  to   space 4096K, 0% used [0x00000000ec700000,0x00000000ec700000,0x00000000ecb00000)
 ParOldGen       total 65536K, used 8K [0x00000000c0000000, 0x00000000c4000000, 0x00000000eab00000)
  object space 65536K, 0% used [0x00000000c0000000,0x00000000c0002000,0x00000000c4000000)
 Metaspace       used 6734K, capacity 6888K, committed 7168K, reserved 1056768K
  class space    used 847K, capacity 916K, committed 1024K, reserved 1048576K
Event: 3.385 GC heap after
Heap after GC invocations=2 (full 0):
 PSYoungGen      total 28672K, used 3058K [0x00000000eab00000, 0x00000000ecb00000, 0x0000000100000000)
  eden space 24576K, 0% used [0x00000000eab00000,0x00000000eab00000,0x00000000ec300000)
  from space 4096K, 74% used [0x00000000ec700000,0x00000000ec9fc838,0x00000000ecb00000)
  to   space 4096K, 0% used [0x00000000ec300000,0x00000000ec300000,0x00000000ec700000)
 ParOldGen       total 65536K, used 16K [0x00000000c0000000, 0x00000000c4000000, 0x00000000eab00000)
  object space 65536K, 0% used [0x00000000c0000000,0x00000000c0004000,0x00000000c4000000)
 Metaspace       used 6734K, capacity 6888K, committed 7168K, reserved 1056768K
  class space    used 847K, capacity 916K, committed 1024K, reserved 1048576K
}
Event: 6.405 GC heap before
{Heap before GC invocations=3 (full 0):
 PSYoungGen      total 28672K, used 27634K [0x00000000eab00000, 0x00000000ecb00000, 0x0000000100000000)
  eden space 24576K, 100% used [0x00000000eab00000,0x00000000ec300000,0x00000000ec300000)
  from space 4096K, 74% used [0x00000000ec700000,0x00000000ec9fc838,0x00000000ecb00000)
  to   space 4096K, 0% used [0x00000000ec300000,0x00000000ec300000,0x00000000ec700000)
 ParOldGen       total 65536K, used 16K [0x00000000c0000000, 0x00000000c4000000, 0x00000000eab00000)
  object space 65536K, 0% used [0x00000000c0000000,0x00000000c0004000,0x00000000c4000000)
 Metaspace       used 11419K, capacity 11670K, committed 11904K, reserved 1058816K
  class space    used 1564K, capacity 1655K, committed 1664K, reserved 1048576K
Event: 6.419 GC heap after
Heap after GC invocations=3 (full 0):
 PSYoungGen      total 28672K, used 4081K [0x00000000eab00000, 0x00000000ecb00000, 0x0000000100000000)
  eden space 24576K, 0% used [0x00000000eab00000,0x00000000eab00000,0x00000000ec300000)
  from space 4096K, 99% used [0x00000000ec300000,0x00000000ec6fc798,0x00000000ec700000)
  to   space 4096K, 0% used [0x00000000ec700000,0x00000000ec700000,0x00000000ecb00000)
 ParOldGen       total 65536K, used 1467K [0x00000000c0000000, 0x00000000c4000000, 0x00000000eab00000)
  object space 65536K, 2% used [0x00000000c0000000,0x00000000c016ec50,0x00000000c4000000)
 Metaspace       used 11419K, capacity 11670K, committed 11904K, reserved 1058816K
  class space    used 1564K, capacity 1655K, committed 1664K, reserved 1048576K
}
Event: 7.109 GC heap before
{Heap before GC invocations=4 (full 0):
 PSYoungGen      total 28672K, used 28657K [0x00000000eab00000, 0x00000000ecb00000, 0x0000000100000000)
  eden space 24576K, 100% used [0x00000000eab00000,0x00000000ec300000,0x00000000ec300000)
  from space 4096K, 99% used [0x00000000ec300000,0x00000000ec6fc798,0x00000000ec700000)
  to   space 4096K, 0% used [0x00000000ec700000,0x00000000ec700000,0x00000000ecb00000)
 ParOldGen       total 65536K, used 1467K [0x00000000c0000000, 0x00000000c4000000, 0x00000000eab00000)
  object space 65536K, 2% used [0x00000000c0000000,0x00000000c016ec50,0x00000000c4000000)
 Metaspace       used 13305K, capacity 13622K, committed 13824K, reserved 1060864K
  class space    used 1927K, capacity 2031K, committed 2048K, reserved 1048576K
Event: 7.119 GC heap after
Heap after GC invocations=4 (full 0):
 PSYoungGen      total 28672K, used 4064K [0x00000000eab00000, 0x00000000ecb00000, 0x0000000100000000)
  eden space 24576K, 0% used [0x00000000eab00000,0x00000000eab00000,0x00000000ec300000)
  from space 4096K, 99% used [0x00000000ec700000,0x00000000ecaf8040,0x00000000ecb00000)
  to   space 4096K, 0% used [0x00000000ec300000,0x00000000ec300000,0x00000000ec700000)
 ParOldGen       total 65536K, used 3685K [0x00000000c0000000, 0x00000000c4000000, 0x00000000eab00000)
  object space 65536K, 5% used [0x00000000c0000000,0x00000000c0399598,0x00000000c4000000)
 Metaspace       used 13305K, capacity 13622K, committed 13824K, reserved 1060864K
  class space    used 1927K, capacity 2031K, committed 2048K, reserved 1048576K
}

Deoptimization events (10 events):
Event: 4.822 Thread 0x00000000031ce800 Uncommon trap: reason=unstable_if action=reinterpret pc=0x000000000374416c method=java.io.WinNTFileSystem.normalize(Ljava/lang/String;II)Ljava/lang/String; @ 90
Event: 6.365 Thread 0x000000001807f800 Uncommon trap: reason=bimorphic action=maybe_recompile pc=0x0000000003687c6c method=java.util.HashMap.putVal(ILjava/lang/Object;Ljava/lang/Object;ZZ)Ljava/lang/Object; @ 253
Event: 6.365 Thread 0x000000001807f800 Uncommon trap: reason=bimorphic action=maybe_recompile pc=0x0000000003687c6c method=java.util.HashMap.putVal(ILjava/lang/Object;Ljava/lang/Object;ZZ)Ljava/lang/Object; @ 253
Event: 6.366 Thread 0x000000001807f800 Uncommon trap: reason=bimorphic action=maybe_recompile pc=0x0000000003687c6c method=java.util.HashMap.putVal(ILjava/lang/Object;Ljava/lang/Object;ZZ)Ljava/lang/Object; @ 253
Event: 6.366 Thread 0x000000001807f800 Uncommon trap: reason=bimorphic action=maybe_recompile pc=0x000000000367e264 method=java.util.HashMap.putVal(ILjava/lang/Object;Ljava/lang/Object;ZZ)Ljava/lang/Object; @ 253
Event: 7.227 Thread 0x000000001807f800 Uncommon trap: reason=class_check action=maybe_recompile pc=0x00000000036c1844 method=java.util.regex.Matcher.match(II)Z @ 86
Event: 7.317 Thread 0x000000001807f800 Uncommon trap: reason=class_check action=maybe_recompile pc=0x00000000036c1844 method=java.util.regex.Matcher.match(II)Z @ 86
Event: 7.318 Thread 0x000000001807f800 Uncommon trap: reason=class_check action=maybe_recompile pc=0x00000000036c1844 method=java.util.regex.Matcher.match(II)Z @ 86
Event: 7.318 Thread 0x000000001807f800 Uncommon trap: reason=class_check action=maybe_recompile pc=0x00000000036838dc method=java.util.regex.Matcher.match(II)Z @ 86
Event: 7.868 Thread 0x000000001807f800 Uncommon trap: reason=unstable_if action=reinterpret pc=0x0000000003829634 method=java.lang.String.lastIndexOf([CII[CIII)I @ 66

Internal exceptions (10 events):
Event: 1.550 Thread 0x00000000031ce800 Exception <a 'java/lang/ArrayIndexOutOfBoundsException'> (0x00000000eba871e8) thrown at [C:\re\workspace\8-2-build-windows-amd64-cygwin\jdk8u51\3951\hotspot\src\share\vm\runtime\sharedRuntime.cpp, line 605]
Event: 1.553 Thread 0x00000000031ce800 Exception <a 'java/lang/ArrayIndexOutOfBoundsException'> (0x00000000eba9a310) thrown at [C:\re\workspace\8-2-build-windows-amd64-cygwin\jdk8u51\3951\hotspot\src\share\vm\runtime\sharedRuntime.cpp, line 605]
Event: 1.554 Thread 0x00000000031ce800 Exception <a 'java/lang/ArrayIndexOutOfBoundsException'> (0x00000000ebaa6470) thrown at [C:\re\workspace\8-2-build-windows-amd64-cygwin\jdk8u51\3951\hotspot\src\share\vm\runtime\sharedRuntime.cpp, line 605]
Event: 1.554 Thread 0x00000000031ce800 Exception <a 'java/lang/ArrayIndexOutOfBoundsException'> (0x00000000ebaa8850) thrown at [C:\re\workspace\8-2-build-windows-amd64-cygwin\jdk8u51\3951\hotspot\src\share\vm\runtime\sharedRuntime.cpp, line 605]
Event: 1.555 Thread 0x00000000031ce800 Exception <a 'java/lang/ArrayIndexOutOfBoundsException'> (0x00000000ebab5b88) thrown at [C:\re\workspace\8-2-build-windows-amd64-cygwin\jdk8u51\3951\hotspot\src\share\vm\runtime\sharedRuntime.cpp, line 605]
Event: 1.556 Thread 0x00000000031ce800 Exception <a 'java/lang/ArrayIndexOutOfBoundsException'> (0x00000000ebac08f8) thrown at [C:\re\workspace\8-2-build-windows-amd64-cygwin\jdk8u51\3951\hotspot\src\share\vm\runtime\sharedRuntime.cpp, line 605]
Event: 1.556 Thread 0x00000000031ce800 Exception <a 'java/lang/ArrayIndexOutOfBoundsException'> (0x00000000ebac25a8) thrown at [C:\re\workspace\8-2-build-windows-amd64-cygwin\jdk8u51\3951\hotspot\src\share\vm\runtime\sharedRuntime.cpp, line 605]
Event: 4.154 Thread 0x00000000031ce800 Exception <a 'java/lang/NoSuchFieldError': method resolution failed> (0x00000000eb7744b8) thrown at [C:\re\workspace\8-2-build-windows-amd64-cygwin\jdk8u51\3951\hotspot\src\share\vm\prims\methodHandles.cpp, line 1125]
Event: 4.157 Thread 0x00000000031ce800 Exception <a 'java/lang/NoSuchFieldError': method resolution failed> (0x00000000eb783468) thrown at [C:\re\workspace\8-2-build-windows-amd64-cygwin\jdk8u51\3951\hotspot\src\share\vm\prims\methodHandles.cpp, line 1125]
Event: 6.192 Thread 0x00000000031ce800 Exception <a 'java/io/IOException'> (0x00000000ebeefaa8) thrown at [C:\re\workspace\8-2-build-windows-amd64-cygwin\jdk8u51\3951\hotspot\src\share\vm\prims\jni.cpp, line 709]

Events (10 events):
Event: 7.945 loading class com/google/common/base/Splitter$SplittingIterator
Event: 7.945 loading class com/google/common/base/Splitter$SplittingIterator done
Event: 7.946 loading class com/google/common/base/AbstractIterator
Event: 7.946 loading class com/google/common/base/AbstractIterator done
Event: 7.947 loading class com/google/common/base/Splitter$1$1
Event: 7.947 loading class com/google/common/base/Splitter$1$1 done
Event: 7.948 loading class com/google/common/base/AbstractIterator$State
Event: 7.948 loading class com/google/common/base/AbstractIterator$State done
Event: 7.952 loading class com/google/common/base/AbstractIterator$1
Event: 7.952 loading class com/google/common/base/AbstractIterator$1 done


Dynamic libraries:
0x00007ff7493d0000 - 0x00007ff749407000 	C:\Program Files\Java\jdk1.8.0_51\bin\java.exe
0x00007ffbc77f0000 - 0x00007ffbc79d1000 	C:\WINDOWS\SYSTEM32\ntdll.dll
0x00007ffbc63d0000 - 0x00007ffbc6481000 	C:\WINDOWS\System32\KERNEL32.DLL
0x00007ffbc3c40000 - 0x00007ffbc3eb3000 	C:\WINDOWS\System32\KERNELBASE.dll
0x00007ffbc70a0000 - 0x00007ffbc7141000 	C:\WINDOWS\System32\ADVAPI32.dll
0x00007ffbc6650000 - 0x00007ffbc66ee000 	C:\WINDOWS\System32\msvcrt.dll
0x00007ffbc61c0000 - 0x00007ffbc621b000 	C:\WINDOWS\System32\sechost.dll
0x00007ffbc6f70000 - 0x00007ffbc7094000 	C:\WINDOWS\System32\RPCRT4.dll
0x00007ffbc6a90000 - 0x00007ffbc6c20000 	C:\WINDOWS\System32\USER32.dll
0x00007ffbc4460000 - 0x00007ffbc4480000 	C:\WINDOWS\System32\win32u.dll
0x00007ffbc4c80000 - 0x00007ffbc4ca8000 	C:\WINDOWS\System32\GDI32.dll
0x00007ffbc3f70000 - 0x00007ffbc4101000 	C:\WINDOWS\System32\gdi32full.dll
0x00007ffbc4b90000 - 0x00007ffbc4c2f000 	C:\WINDOWS\System32\msvcp_win.dll
0x00007ffbc4300000 - 0x00007ffbc43f8000 	C:\WINDOWS\System32\ucrtbase.dll
0x00007ffbb8910000 - 0x00007ffbb8b79000 	C:\WINDOWS\WinSxS\amd64_microsoft.windows.common-controls_6595b64144ccf1df_6.0.17134.829_none_fb46a5473061b9d5\COMCTL32.dll
0x00007ffbc6760000 - 0x00007ffbc6a82000 	C:\WINDOWS\System32\combase.dll
0x00007ffbc3bc0000 - 0x00007ffbc3c3a000 	C:\WINDOWS\System32\bcryptPrimitives.dll
0x00007ffbc4cb0000 - 0x00007ffbc4cdd000 	C:\WINDOWS\System32\IMM32.DLL
0x000000005cd50000 - 0x000000005ce22000 	C:\Program Files\Java\jdk1.8.0_51\jre\bin\msvcr100.dll
0x000000005c4c0000 - 0x000000005cd43000 	C:\Program Files\Java\jdk1.8.0_51\jre\bin\server\jvm.dll
0x00007ffbc6e00000 - 0x00007ffbc6e08000 	C:\WINDOWS\System32\PSAPI.DLL
0x00007ffbbf250000 - 0x00007ffbbf259000 	C:\WINDOWS\SYSTEM32\WSOCK32.dll
0x00007ffbc66f0000 - 0x00007ffbc675c000 	C:\WINDOWS\System32\WS2_32.dll
0x00007ffbc0380000 - 0x00007ffbc03a3000 	C:\WINDOWS\SYSTEM32\WINMM.dll
0x00007ffbb9750000 - 0x00007ffbb975a000 	C:\WINDOWS\SYSTEM32\VERSION.dll
0x00007ffbc0290000 - 0x00007ffbc02ba000 	C:\WINDOWS\SYSTEM32\winmmbase.dll
0x00007ffbc4c30000 - 0x00007ffbc4c79000 	C:\WINDOWS\System32\cfgmgr32.dll
0x000000005c4b0000 - 0x000000005c4bf000 	C:\Program Files\Java\jdk1.8.0_51\jre\bin\verify.dll
0x000000005c480000 - 0x000000005c4a9000 	C:\Program Files\Java\jdk1.8.0_51\jre\bin\java.dll
0x000000005c460000 - 0x000000005c476000 	C:\Program Files\Java\jdk1.8.0_51\jre\bin\zip.dll
0x00007ffbc4d80000 - 0x00007ffbc61c0000 	C:\WINDOWS\System32\SHELL32.dll
0x00007ffbc6320000 - 0x00007ffbc63c9000 	C:\WINDOWS\System32\shcore.dll
0x00007ffbc4480000 - 0x00007ffbc4b8d000 	C:\WINDOWS\System32\windows.storage.dll
0x00007ffbc7750000 - 0x00007ffbc77a1000 	C:\WINDOWS\System32\shlwapi.dll
0x00007ffbc3ba0000 - 0x00007ffbc3bb1000 	C:\WINDOWS\System32\kernel.appcore.dll
0x00007ffbc3b70000 - 0x00007ffbc3b8f000 	C:\WINDOWS\System32\profapi.dll
0x00007ffbc3b20000 - 0x00007ffbc3b6c000 	C:\WINDOWS\System32\powrprof.dll
0x00007ffbc3b90000 - 0x00007ffbc3b9a000 	C:\WINDOWS\System32\FLTLIB.DLL
0x000000005c440000 - 0x000000005c45a000 	C:\Program Files\Java\jdk1.8.0_51\jre\bin\net.dll
0x00007ffbc3380000 - 0x00007ffbc33e6000 	C:\WINDOWS\system32\mswsock.dll
0x000000005c420000 - 0x000000005c431000 	C:\Program Files\Java\jdk1.8.0_51\jre\bin\nio.dll
0x00007ffbb6ec0000 - 0x00007ffbb6ede000 	C:\Users\longd\.gradle\native\25\windows-amd64\native-platform.dll
0x000000005c3d0000 - 0x000000005c3dd000 	C:\Program Files\Java\jdk1.8.0_51\jre\bin\management.dll
0x00007ffbc3530000 - 0x00007ffbc3547000 	C:\WINDOWS\SYSTEM32\CRYPTSP.dll
0x00007ffbc2f70000 - 0x00007ffbc2fa3000 	C:\WINDOWS\system32\rsaenh.dll
0x00007ffbc3660000 - 0x00007ffbc3685000 	C:\WINDOWS\SYSTEM32\bcrypt.dll
0x00007ffbc3a30000 - 0x00007ffbc3a58000 	C:\WINDOWS\SYSTEM32\USERENV.dll
0x00007ffbc3550000 - 0x00007ffbc355b000 	C:\WINDOWS\SYSTEM32\CRYPTBASE.dll
0x00007ffbc3110000 - 0x00007ffbc3148000 	C:\WINDOWS\SYSTEM32\IPHLPAPI.DLL
0x00007ffbc7150000 - 0x00007ffbc7158000 	C:\WINDOWS\System32\NSI.dll
0x00007ffbb9990000 - 0x00007ffbb99a6000 	C:\WINDOWS\SYSTEM32\dhcpcsvc6.DLL
0x00007ffbb9ce0000 - 0x00007ffbb9cfa000 	C:\WINDOWS\SYSTEM32\dhcpcsvc.DLL

VM Arguments:
jvm_args: -XX:+HeapDumpOnOutOfMemoryError -Xmx1024m -Dfile.encoding=windows-1252 -Duser.country=US -Duser.language=en -Duser.variant 
java_command: org.gradle.launcher.daemon.bootstrap.GradleDaemon 4.10.2
java_class_path (initial): C:\Users\longd\.gradle\wrapper\dists\gradle-4.10.2-all\9fahxiiecdb76a5g3aw9oi8rv\gradle-4.10.2\lib\gradle-launcher-4.10.2.jar
Launcher Type: SUN_STANDARD

Environment Variables:
JAVA_HOME=C:\Program Files\Java\jdk1.8.0_51
CLASSPATH=D:\jsDev\ReatNative\PrimarySCommunity\android\\gradle\wrapper\gradle-wrapper.jar
PATH=C:\Users\longd\bin;C:\Program Files\Git\mingw64\bin;C:\Program Files\Git\usr\local\bin;C:\Program Files\Git\usr\bin;C:\Program Files\Git\usr\bin;C:\Program Files\Git\mingw64\bin;C:\Program Files\Git\usr\bin;C:\Users\longd\bin;C:\ProgramData\Oracle\Java\javapath;C:\app\LongLD\product\11.2.0\client_1;C:\WINDOWS\system32;C:\WINDOWS;C:\WINDOWS\System32\Wbem;C:\WINDOWS\System32\WindowsPowerShell\v1.0;C:\Program Files (x86)\Skype\Phone;C:\Program Files\Java\jdk1.8.0_51\bin;C:\Program Files\VisualSVN Server\bin;C:\Program Files\nodejs;C:\Program Files\TortoiseSVN\bin;C:\Program Files\Java\apache-maven-3.5.4\bin;C:\Program Files\Redis;C:\WINDOWS\System32\OpenSSH;C:\Program Files\Microsoft VS Code\bin;C:\Program Files\Git\cmd;C:\ProgramData\chocolatey\bin;C:\Program Files\Java\jdk1.8.0_191\bin;C:\Program Files\MongoDB\Server\4.0\bin;C:\Ruby24-x64\bin;C:\Ruby25-x64\bin;C:\Program Files\Microsoft VS Code\bin;C:\Users\longd\AppData\Roaming\npm;C:\Program Files\Java\jdk1.8.0_51\bin;C:\Users\longd\AppData\Local\Microsoft\WindowsApps;C:\Program Files\Java\apache-maven-3.5.4\bin;D:\Setup\ReactNative\SDK\platform-tools;C:\Program Files\Git\usr\bin\vendor_perl;C:\Program Files\Git\usr\bin\core_perl
USERNAME=LongLD
SHELL=C:\Program Files\Git\usr\bin\bash.exe
DISPLAY=needs-to-be-defined
OS=Windows_NT
PROCESSOR_IDENTIFIER=Intel64 Family 6 Model 69 Stepping 1, GenuineIntel



---------------  S Y S T E M  ---------------

OS: Windows 10.0 , 64 bit Build 17134 (10.0.17134.753)

CPU:total 4 (2 cores per cpu, 2 threads per core) family 6 model 69 stepping 1, cmov, cx8, fxsr, mmx, sse, sse2, sse3, ssse3, sse4.1, sse4.2, popcnt, avx, avx2, aes, clmul, erms, lzcnt, ht, tsc, tscinvbit, bmi1, bmi2

Memory: 4k page, physical 6187596k(356400k free), swap 11390772k(3112k free)

vm_info: Java HotSpot(TM) 64-Bit Server VM (25.51-b03) for windows-amd64 JRE (1.8.0_51-b16), built on Jun  8 2015 18:03:07 by "java_re" with MS VC++ 10.0 (VS2010)

time: Fri Jun 21 15:46:59 2019
elapsed time: 7 seconds (0d 0h 0m 7s)

