#
# There is insufficient memory for the Java Runtime Environment to continue.
# Native memory allocation (malloc) failed to allocate 757296 bytes for Chunk::new
# Possible reasons:
#   The system is out of physical RAM or swap space
#   In 32 bit mode, the process size limit was hit
# Possible solutions:
#   Reduce memory load on the system
#   Increase physical memory or swap space
#   Check if swap backing store is full
#   Use 64 bit Java on a 64 bit OS
#   Decrease Java heap size (-Xmx/-Xms)
#   Decrease number of Java threads
#   Decrease Java thread stack sizes (-Xss)
#   Set larger code cache with -XX:ReservedCodeCacheSize=
# This output file may be truncated or incomplete.
#
#  Out of Memory Error (allocation.cpp:390), pid=9856, tid=9924
#
# JRE version: Java(TM) SE Runtime Environment (8.0_51-b16) (build 1.8.0_51-b16)
# Java VM: Java HotSpot(TM) 64-Bit Server VM (25.51-b03 mixed mode windows-amd64 compressed oops)
# Failed to write core dump. Minidumps are not enabled by default on client versions of Windows
#

---------------  T H R E A D  ---------------

Current thread (0x0000000014a60800):  JavaThread "C2 CompilerThread0" daemon [_thread_in_native, id=9924, stack(0x0000000015fc0000,0x00000000160c0000)]

Stack: [0x0000000015fc0000,0x00000000160c0000]
Native frames: (J=compiled Java code, j=interpreted, Vv=VM code, C=native code)
V  [jvm.dll+0x32b4ca]
V  [jvm.dll+0x2797e3]
V  [jvm.dll+0x27a479]
V  [jvm.dll+0x271765]
V  [jvm.dll+0xcba02]
V  [jvm.dll+0xcbecc]
V  [jvm.dll+0x476f72]
V  [jvm.dll+0x4b95ff]
V  [jvm.dll+0x46c011]
V  [jvm.dll+0x46cd4e]
V  [jvm.dll+0x4501a2]
V  [jvm.dll+0xa43a2]
V  [jvm.dll+0xa4cdf]
V  [jvm.dll+0x2418a4]
V  [jvm.dll+0x29846a]
C  [msvcr100.dll+0x21d9f]
C  [msvcr100.dll+0x21e3b]
C  [KERNEL32.DLL+0x14034]
C  [ntdll.dll+0x73691]


Current CompileTask:
C2:  15539 4642       4       org.objectweb.asm.SymbolTable::addConstantMemberReference (147 bytes)


---------------  P R O C E S S  ---------------

Java Threads: ( => current thread )
  0x000000001aedf000 JavaThread "pool-1-thread-1" [_thread_blocked, id=14604, stack(0x000000001dc50000,0x000000001dd50000)]
  0x000000001aede000 JavaThread "Build operations Thread 4" [_thread_blocked, id=14572, stack(0x000000001db50000,0x000000001dc50000)]
  0x000000001aedd800 JavaThread "Build operations Thread 3" [_thread_blocked, id=14568, stack(0x000000001da50000,0x000000001db50000)]
  0x0000000017ff2000 JavaThread "Build operations Thread 2" [_thread_blocked, id=14564, stack(0x000000001d950000,0x000000001da50000)]
  0x0000000017ff1000 JavaThread "Build operations" [_thread_blocked, id=14560, stack(0x000000001d850000,0x000000001d950000)]
  0x0000000017fef800 JavaThread "Cache worker for Artifact transforms cache (C:\Users\longd\.gradle\caches\transforms-1)" [_thread_blocked, id=14532, stack(0x000000001d540000,0x000000001d640000)]
  0x0000000017ff0800 JavaThread "Cache worker for cache directory md-rule (C:\Users\longd\.gradle\caches\4.10.2\md-rule)" [_thread_blocked, id=14528, stack(0x000000001d440000,0x000000001d540000)]
  0x0000000017fef000 JavaThread "Cache worker for cache directory md-supplier (C:\Users\longd\.gradle\caches\4.10.2\md-supplier)" [_thread_blocked, id=14524, stack(0x000000001d090000,0x000000001d190000)]
  0x0000000017ff5000 JavaThread "Cache worker for journal cache (C:\Users\longd\.gradle\caches\journal-1)" [_thread_blocked, id=14384, stack(0x000000001bdc0000,0x000000001bec0000)]
  0x0000000017ff4800 JavaThread "Cache worker for file hash cache (D:\jsDev\ReatNative\PrimarySCommunity\android\.gradle\4.10.2\fileHashes)" [_thread_blocked, id=14376, stack(0x000000001a890000,0x000000001a990000)]
  0x0000000017925000 JavaThread "File lock request listener" [_thread_in_native, id=14372, stack(0x000000001a590000,0x000000001a690000)]
  0x00000000195e7800 JavaThread "Cache worker for file hash cache (C:\Users\longd\.gradle\caches\4.10.2\fileHashes)" [_thread_blocked, id=14368, stack(0x000000001a490000,0x000000001a590000)]
  0x00000000176d5000 JavaThread "Stdin handler" [_thread_blocked, id=14356, stack(0x0000000019010000,0x0000000019110000)]
  0x0000000017692000 JavaThread "Asynchronous log dispatcher for DefaultDaemonConnection: socket connection from /127.0.0.1:59614 to /127.0.0.1:59615" [_thread_blocked, id=14352, stack(0x0000000018f10000,0x0000000019010000)]
  0x00000000175ff000 JavaThread "Daemon worker" [_thread_in_vm, id=14340, stack(0x0000000018e10000,0x0000000018f10000)]
  0x00000000175fd800 JavaThread "Cancel handler" [_thread_blocked, id=5812, stack(0x0000000018d10000,0x0000000018e10000)]
  0x00000000175f0000 JavaThread "Handler for socket connection from /127.0.0.1:59614 to /127.0.0.1:59615" [_thread_in_native, id=8196, stack(0x0000000018c10000,0x0000000018d10000)]
  0x0000000017add800 JavaThread "Daemon" [_thread_blocked, id=13668, stack(0x0000000018b10000,0x0000000018c10000)]
  0x00000000174fb000 JavaThread "Daemon periodic checks" [_thread_blocked, id=9504, stack(0x0000000018a10000,0x0000000018b10000)]
  0x00000000174f4000 JavaThread "Incoming local TCP Connector on port 59614" [_thread_in_native, id=7464, stack(0x00000000187d0000,0x00000000188d0000)]
  0x000000001762f800 JavaThread "Daemon health stats" [_thread_blocked, id=5240, stack(0x0000000018090000,0x0000000018190000)]
  0x00000000162d0800 JavaThread "Service Thread" daemon [_thread_blocked, id=11196, stack(0x00000000166c0000,0x00000000167c0000)]
  0x0000000014a69800 JavaThread "C1 CompilerThread2" daemon [_thread_blocked, id=13960, stack(0x00000000161c0000,0x00000000162c0000)]
  0x0000000014a64000 JavaThread "C2 CompilerThread1" daemon [_thread_blocked, id=4832, stack(0x00000000160c0000,0x00000000161c0000)]
=>0x0000000014a60800 JavaThread "C2 CompilerThread0" daemon [_thread_in_native, id=9924, stack(0x0000000015fc0000,0x00000000160c0000)]
  0x0000000014a5e800 JavaThread "Attach Listener" daemon [_thread_blocked, id=10720, stack(0x0000000015ec0000,0x0000000015fc0000)]
  0x0000000014a5d000 JavaThread "Signal Dispatcher" daemon [_thread_blocked, id=10632, stack(0x0000000015dc0000,0x0000000015ec0000)]
  0x0000000002382800 JavaThread "Finalizer" daemon [_thread_blocked, id=9824, stack(0x0000000015cc0000,0x0000000015dc0000)]
  0x000000000237f800 JavaThread "Reference Handler" daemon [_thread_blocked, id=14124, stack(0x0000000015bc0000,0x0000000015cc0000)]
  0x0000000002292800 JavaThread "main" [_thread_blocked, id=12792, stack(0x0000000001fd0000,0x00000000020d0000)]

Other Threads:
  0x0000000014a27000 VMThread [stack: 0x0000000015ac0000,0x0000000015bc0000] [id=14008]
  0x0000000014abd000 WatcherThread [stack: 0x00000000167c0000,0x00000000168c0000] [id=9660]

VM state:not at safepoint (normal execution)

VM Mutex/Monitor currently owned by a thread: None

Heap:
 PSYoungGen      total 119296K, used 40588K [0x00000000eab00000, 0x00000000f3c80000, 0x0000000100000000)
  eden space 108544K, 27% used [0x00000000eab00000,0x00000000ec827150,0x00000000f1500000)
  from space 10752K, 99% used [0x00000000f1500000,0x00000000f1f7c148,0x00000000f1f80000)
  to   space 9728K, 0% used [0x00000000f1f80000,0x00000000f1f80000,0x00000000f2900000)
 ParOldGen       total 70144K, used 22364K [0x00000000c0000000, 0x00000000c4480000, 0x00000000eab00000)
  object space 70144K, 31% used [0x00000000c0000000,0x00000000c15d72e8,0x00000000c4480000)
 Metaspace       used 49459K, capacity 50570K, committed 50736K, reserved 1093632K
  class space    used 6825K, capacity 7142K, committed 7216K, reserved 1048576K

Card table byte_map: [0x0000000011750000,0x0000000011960000] byte_map_base: 0x0000000011150000

Marking Bits: (ParMarkBitMap*) 0x000000006bb54040
 Begin Bits: [0x0000000011ec0000, 0x0000000012ec0000)
 End Bits:   [0x0000000012ec0000, 0x0000000013ec0000)

Polling page: 0x00000000020d0000

CodeCache: size=245760Kb used=14955Kb max_used=14962Kb free=230804Kb
 bounds [0x0000000002390000, 0x0000000003240000, 0x0000000011390000]
 total_blobs=5089 nmethods=4328 adapters=673
 compilation: enabled

Compilation events (10 events):
Event: 15.481 Thread 0x0000000014a69800 4665       1       java.util.Collections::emptyMap (4 bytes)
Event: 15.481 Thread 0x0000000014a69800 nmethod 4665 0x00000000031a5a50 code [0x00000000031a5ba0, 0x00000000031a5c90]
Event: 15.481 Thread 0x0000000014a69800 4654       3       java.lang.invoke.MethodHandles$Lookup::maybeBindCaller (44 bytes)
Event: 15.482 Thread 0x0000000014a69800 nmethod 4654 0x0000000003230850 code [0x0000000003230a20, 0x0000000003231378]
Event: 15.482 Thread 0x0000000014a69800 4660       3       java.lang.invoke.LambdaForm$NamedFunction::member (26 bytes)
Event: 15.483 Thread 0x0000000014a69800 nmethod 4660 0x0000000003224550 code [0x00000000032246a0, 0x0000000003224810]
Event: 15.483 Thread 0x0000000014a69800 4662       3       java.lang.invoke.MethodType::parameterArray (11 bytes)
Event: 15.483 Thread 0x0000000014a69800 nmethod 4662 0x0000000003224010 code [0x0000000003224180, 0x0000000003224488]
Event: 15.490 Thread 0x0000000014a64000 4666       4       com.google.common.collect.MapMakerInternalMap$Segment::drainRecencyQueue (79 bytes)
Event: 15.491 Thread 0x0000000014a64000 nmethod 4666 0x0000000003223d50 code [0x0000000003223ea0, 0x0000000003223f38]

GC Heap History (10 events):
Event: 7.365 GC heap before
{Heap before GC invocations=9 (full 1):
 PSYoungGen      total 57856K, used 48128K [0x00000000eab00000, 0x00000000f1b00000, 0x0000000100000000)
  eden space 48128K, 100% used [0x00000000eab00000,0x00000000eda00000,0x00000000eda00000)
  from space 9728K, 0% used [0x00000000eda00000,0x00000000eda00000,0x00000000ee380000)
  to   space 9216K, 0% used [0x00000000f1200000,0x00000000f1200000,0x00000000f1b00000)
 ParOldGen       total 44032K, used 7515K [0x00000000c0000000, 0x00000000c2b00000, 0x00000000eab00000)
  object space 44032K, 17% used [0x00000000c0000000,0x00000000c0756f60,0x00000000c2b00000)
 Metaspace       used 25596K, capacity 25928K, committed 26288K, reserved 1071104K
  class space    used 3553K, capacity 3679K, committed 3760K, reserved 1048576K
Event: 7.382 GC heap after
Heap after GC invocations=9 (full 1):
 PSYoungGen      total 85504K, used 5278K [0x00000000eab00000, 0x00000000f1780000, 0x0000000100000000)
  eden space 79872K, 0% used [0x00000000eab00000,0x00000000eab00000,0x00000000ef900000)
  from space 5632K, 93% used [0x00000000f1200000,0x00000000f1727bf0,0x00000000f1780000)
  to   space 8704K, 0% used [0x00000000f0680000,0x00000000f0680000,0x00000000f0f00000)
 ParOldGen       total 44032K, used 7523K [0x00000000c0000000, 0x00000000c2b00000, 0x00000000eab00000)
  object space 44032K, 17% used [0x00000000c0000000,0x00000000c0758f60,0x00000000c2b00000)
 Metaspace       used 25596K, capacity 25928K, committed 26288K, reserved 1071104K
  class space    used 3553K, capacity 3679K, committed 3760K, reserved 1048576K
}
Event: 9.303 GC heap before
{Heap before GC invocations=10 (full 1):
 PSYoungGen      total 85504K, used 85150K [0x00000000eab00000, 0x00000000f1780000, 0x0000000100000000)
  eden space 79872K, 100% used [0x00000000eab00000,0x00000000ef900000,0x00000000ef900000)
  from space 5632K, 93% used [0x00000000f1200000,0x00000000f1727bf0,0x00000000f1780000)
  to   space 8704K, 0% used [0x00000000f0680000,0x00000000f0680000,0x00000000f0f00000)
 ParOldGen       total 44032K, used 7523K [0x00000000c0000000, 0x00000000c2b00000, 0x00000000eab00000)
  object space 44032K, 17% used [0x00000000c0000000,0x00000000c0758f60,0x00000000c2b00000)
 Metaspace       used 29769K, capacity 30232K, committed 30640K, reserved 1075200K
  class space    used 4232K, capacity 4429K, committed 4528K, reserved 1048576K
Event: 9.326 GC heap after
Heap after GC invocations=10 (full 1):
 PSYoungGen      total 102400K, used 8674K [0x00000000eab00000, 0x00000000f2900000, 0x0000000100000000)
  eden space 93696K, 0% used [0x00000000eab00000,0x00000000eab00000,0x00000000f0680000)
  from space 8704K, 99% used [0x00000000f0680000,0x00000000f0ef8b18,0x00000000f0f00000)
  to   space 9728K, 0% used [0x00000000f1f80000,0x00000000f1f80000,0x00000000f2900000)
 ParOldGen       total 44032K, used 7942K [0x00000000c0000000, 0x00000000c2b00000, 0x00000000eab00000)
  object space 44032K, 18% used [0x00000000c0000000,0x00000000c07c1948,0x00000000c2b00000)
 Metaspace       used 29769K, capacity 30232K, committed 30640K, reserved 1075200K
  class space    used 4232K, capacity 4429K, committed 4528K, reserved 1048576K
}
Event: 11.785 GC heap before
{Heap before GC invocations=11 (full 1):
 PSYoungGen      total 102400K, used 60765K [0x00000000eab00000, 0x00000000f2900000, 0x0000000100000000)
  eden space 93696K, 55% used [0x00000000eab00000,0x00000000edddeaa8,0x00000000f0680000)
  from space 8704K, 99% used [0x00000000f0680000,0x00000000f0ef8b18,0x00000000f0f00000)
  to   space 9728K, 0% used [0x00000000f1f80000,0x00000000f1f80000,0x00000000f2900000)
 ParOldGen       total 44032K, used 7942K [0x00000000c0000000, 0x00000000c2b00000, 0x00000000eab00000)
  object space 44032K, 18% used [0x00000000c0000000,0x00000000c07c1948,0x00000000c2b00000)
 Metaspace       used 34770K, capacity 35318K, committed 35496K, reserved 1079296K
  class space    used 4883K, capacity 5143K, committed 5168K, reserved 1048576K
Event: 11.822 GC heap after
Heap after GC invocations=11 (full 1):
 PSYoungGen      total 118272K, used 8610K [0x00000000eab00000, 0x00000000f3c80000, 0x0000000100000000)
  eden space 108544K, 0% used [0x00000000eab00000,0x00000000eab00000,0x00000000f1500000)
  from space 9728K, 88% used [0x00000000f1f80000,0x00000000f27e88d0,0x00000000f2900000)
  to   space 10752K, 0% used [0x00000000f1500000,0x00000000f1500000,0x00000000f1f80000)
 ParOldGen       total 44032K, used 10018K [0x00000000c0000000, 0x00000000c2b00000, 0x00000000eab00000)
  object space 44032K, 22% used [0x00000000c0000000,0x00000000c09c89d8,0x00000000c2b00000)
 Metaspace       used 34770K, capacity 35318K, committed 35496K, reserved 1079296K
  class space    used 4883K, capacity 5143K, committed 5168K, reserved 1048576K
}
Event: 11.822 GC heap before
{Heap before GC invocations=12 (full 2):
 PSYoungGen      total 118272K, used 8610K [0x00000000eab00000, 0x00000000f3c80000, 0x0000000100000000)
  eden space 108544K, 0% used [0x00000000eab00000,0x00000000eab00000,0x00000000f1500000)
  from space 9728K, 88% used [0x00000000f1f80000,0x00000000f27e88d0,0x00000000f2900000)
  to   space 10752K, 0% used [0x00000000f1500000,0x00000000f1500000,0x00000000f1f80000)
 ParOldGen       total 44032K, used 10018K [0x00000000c0000000, 0x00000000c2b00000, 0x00000000eab00000)
  object space 44032K, 22% used [0x00000000c0000000,0x00000000c09c89d8,0x00000000c2b00000)
 Metaspace       used 34770K, capacity 35318K, committed 35496K, reserved 1079296K
  class space    used 4883K, capacity 5143K, committed 5168K, reserved 1048576K
Event: 11.965 GC heap after
Heap after GC invocations=12 (full 2):
 PSYoungGen      total 118272K, used 0K [0x00000000eab00000, 0x00000000f3c80000, 0x0000000100000000)
  eden space 108544K, 0% used [0x00000000eab00000,0x00000000eab00000,0x00000000f1500000)
  from space 9728K, 0% used [0x00000000f1f80000,0x00000000f1f80000,0x00000000f2900000)
  to   space 10752K, 0% used [0x00000000f1500000,0x00000000f1500000,0x00000000f1f80000)
 ParOldGen       total 70144K, used 17392K [0x00000000c0000000, 0x00000000c4480000, 0x00000000eab00000)
  object space 70144K, 24% used [0x00000000c0000000,0x00000000c10fc0d0,0x00000000c4480000)
 Metaspace       used 34770K, capacity 35318K, committed 35496K, reserved 1079296K
  class space    used 4883K, capacity 5143K, committed 5168K, reserved 1048576K
}
Event: 14.658 GC heap before
{Heap before GC invocations=13 (full 2):
 PSYoungGen      total 118272K, used 108544K [0x00000000eab00000, 0x00000000f3c80000, 0x0000000100000000)
  eden space 108544K, 100% used [0x00000000eab00000,0x00000000f1500000,0x00000000f1500000)
  from space 9728K, 0% used [0x00000000f1f80000,0x00000000f1f80000,0x00000000f2900000)
  to   space 10752K, 0% used [0x00000000f1500000,0x00000000f1500000,0x00000000f1f80000)
 ParOldGen       total 70144K, used 17392K [0x00000000c0000000, 0x00000000c4480000, 0x00000000eab00000)
  object space 70144K, 24% used [0x00000000c0000000,0x00000000c10fc0d0,0x00000000c4480000)
 Metaspace       used 46289K, capacity 47104K, committed 47536K, reserved 1089536K
  class space    used 6422K, capacity 6735K, committed 6832K, reserved 1048576K
Event: 14.682 GC heap after
Heap after GC invocations=13 (full 2):
 PSYoungGen      total 119296K, used 10736K [0x00000000eab00000, 0x00000000f3c80000, 0x0000000100000000)
  eden space 108544K, 0% used [0x00000000eab00000,0x00000000eab00000,0x00000000f1500000)
  from space 10752K, 99% used [0x00000000f1500000,0x00000000f1f7c148,0x00000000f1f80000)
  to   space 9728K, 0% used [0x00000000f1f80000,0x00000000f1f80000,0x00000000f2900000)
 ParOldGen       total 70144K, used 22364K [0x00000000c0000000, 0x00000000c4480000, 0x00000000eab00000)
  object space 70144K, 31% used [0x00000000c0000000,0x00000000c15d72e8,0x00000000c4480000)
 Metaspace       used 46289K, capacity 47104K, committed 47536K, reserved 1089536K
  class space    used 6422K, capacity 6735K, committed 6832K, reserved 1048576K
}

Deoptimization events (10 events):
Event: 13.033 Thread 0x00000000175ff000 Uncommon trap: reason=unstable_if action=reinterpret pc=0x0000000002c1b550 method=org.objectweb.asm.ByteVector.putUTF8(Ljava/lang/String;)Lorg/objectweb/asm/ByteVector; @ 91
Event: 14.337 Thread 0x00000000175ff000 Uncommon trap: reason=class_check action=maybe_recompile pc=0x0000000002930798 method=java.io.DataInputStream.readUnsignedShort()I @ 4
Event: 14.337 Thread 0x00000000175ff000 Uncommon trap: reason=class_check action=maybe_recompile pc=0x0000000002930798 method=java.io.DataInputStream.readUnsignedShort()I @ 4
Event: 14.337 Thread 0x00000000175ff000 Uncommon trap: reason=class_check action=maybe_recompile pc=0x0000000002930798 method=java.io.DataInputStream.readUnsignedShort()I @ 4
Event: 14.337 Thread 0x00000000175ff000 Uncommon trap: reason=class_check action=maybe_recompile pc=0x0000000002930798 method=java.io.DataInputStream.readUnsignedShort()I @ 4
Event: 14.620 Thread 0x00000000175ff000 Uncommon trap: reason=unstable_if action=reinterpret pc=0x00000000029aca50 method=java.util.WeakHashMap.remove(Ljava/lang/Object;)Ljava/lang/Object; @ 94
Event: 14.697 Thread 0x00000000175ff000 Uncommon trap: reason=unstable_if action=reinterpret pc=0x0000000002984928 method=java.util.regex.Pattern$BmpCharProperty.match(Ljava/util/regex/Matcher;ILjava/lang/CharSequence;)Z @ 34
Event: 15.031 Thread 0x00000000175ff000 Uncommon trap: reason=unstable_if action=reinterpret pc=0x000000000313ab90 method=com.sun.org.apache.xerces.internal.impl.XMLEntityScanner.scanContent(Lcom/sun/org/apache/xerces/internal/xni/XMLString;)I @ 44
Event: 15.128 Thread 0x00000000175ff000 Uncommon trap: reason=unstable_if action=reinterpret pc=0x0000000003146630 method=java.util.regex.Pattern$LastNode.match(Ljava/util/regex/Matcher;ILjava/lang/CharSequence;)Z @ 5
Event: 15.140 Thread 0x00000000175ff000 Uncommon trap: reason=unstable_if action=reinterpret pc=0x000000000311b1c0 method=java.util.regex.Pattern$LastNode.match(Ljava/util/regex/Matcher;ILjava/lang/CharSequence;)Z @ 5

Internal exceptions (10 events):
Event: 14.959 Thread 0x00000000175ff000 Exception <a 'sun/nio/fs/WindowsException'> (0x00000000eb92e2e8) thrown at [C:\re\workspace\8-2-build-windows-amd64-cygwin\jdk8u51\3951\hotspot\src\share\vm\prims\jni.cpp, line 709]
Event: 14.960 Thread 0x00000000175ff000 Exception <a 'sun/nio/fs/WindowsException'> (0x00000000eb931728) thrown at [C:\re\workspace\8-2-build-windows-amd64-cygwin\jdk8u51\3951\hotspot\src\share\vm\prims\jni.cpp, line 709]
Event: 14.960 Thread 0x00000000175ff000 Exception <a 'sun/nio/fs/WindowsException'> (0x00000000eb9321f0) thrown at [C:\re\workspace\8-2-build-windows-amd64-cygwin\jdk8u51\3951\hotspot\src\share\vm\prims\jni.cpp, line 709]
Event: 14.960 Thread 0x00000000175ff000 Exception <a 'sun/nio/fs/WindowsException'> (0x00000000eb933d58) thrown at [C:\re\workspace\8-2-build-windows-amd64-cygwin\jdk8u51\3951\hotspot\src\share\vm\prims\jni.cpp, line 709]
Event: 14.961 Thread 0x00000000175ff000 Exception <a 'sun/nio/fs/WindowsException'> (0x00000000eb934858) thrown at [C:\re\workspace\8-2-build-windows-amd64-cygwin\jdk8u51\3951\hotspot\src\share\vm\prims\jni.cpp, line 709]
Event: 15.089 Thread 0x00000000175ff000 Exception <a 'java/lang/NoSuchMethodError': java.lang.Object.lambda$comparing$77a9974f$1(Ljava/util/function/Function;Ljava/lang/Object;Ljava/lang/Object;)I> (0x00000000ebae1d10) thrown at [C:\re\workspace\8-2-build-windows-amd64-cygwin\jdk8u51\3951\hotspo|hD±..@
Event: 15.091 Thread 0x00000000175ff000 Exception <a 'java/lang/NoSuchMethodError': java.lang.Object.lambda$thenComparing$36697e65$1(Ljava/util/Comparator;Ljava/lang/Object;Ljava/lang/Object;)I> (0x00000000ebaed890) thrown at [C:\re\workspace\8-2-build-windows-amd64-cygwin\jdk8u51\3951\hotspot\s@\1Ë(G.@
Event: 15.139 Thread 0x00000000175ff000 Exception <a 'java/lang/NoSuchMethodError': java.lang.Object.lambda$maxBy$24(Ljava/util/Comparator;Ljava/lang/Object;Ljava/lang/Object;)Ljava/lang/Object;> (0x00000000ebc59f90) thrown at [C:\re\workspace\8-2-build-windows-amd64-cygwin\jdk8u51\3951\hotspot\ekQ¿.@
Event: 15.376 Thread 0x00000000175ff000 Exception <a 'java/lang/ClassNotFoundException': org/gradle/api/plugins/BasePluginConventionBeanInfo> (0x00000000ec25c2c8) thrown at [C:\re\workspace\8-2-build-windows-amd64-cygwin\jdk8u51\3951\hotspot\src\share\vm\classfile\systemDictionary.cpp, line 210]n‹qe«¿.@
Event: 15.377 Thread 0x00000000175ff000 Exception <a 'java/lang/ClassNotFoundException': org/gradle/api/plugins/BasePluginConventionCustomizer> (0x00000000ec282030) thrown at [C:\re\workspace\8-2-build-windows-amd64-cygwin\jdk8u51\3951\hotspot\src\share\vm\classfile\systemDictionary.cpp, line 21ô+NÎ-@

Events (10 events):
Event: 15.491 loading class com/android/build/gradle/tasks/ManifestProcessorTask
Event: 15.491 loading class com/android/build/gradle/tasks/ManifestProcessorTask done
Event: 15.492 loading class com/android/build/gradle/tasks/TaskArtifactsHolder
Event: 15.492 loading class com/android/build/gradle/tasks/TaskArtifactsHolder done
Event: 15.494 loading class com/android/build/gradle/tasks/TaskInjectionPointsCache
Event: 15.494 loading class com/android/build/gradle/tasks/TaskInjectionPointsCache done
Event: 15.496 loading class com/android/build/gradle/tasks/TaskInjectionPointsCache$Companion
Event: 15.496 loading class com/android/build/gradle/tasks/TaskInjectionPointsCache$Companion done
Event: 15.496 loading class com/android/build/gradle/tasks/TaskInjectionPointsCache$Companion$introspector$1
Event: 15.496 loading class com/android/build/gradle/tasks/TaskInjectionPointsCache$Companion$introspector$1 done


Dynamic libraries:
0x00007ff78d340000 - 0x00007ff78d377000 	C:\Program Files\Java\jdk1.8.0_51\bin\java.exe
0x00007ffc57070000 - 0x00007ffc57251000 	C:\WINDOWS\SYSTEM32\ntdll.dll
0x00007ffc568e0000 - 0x00007ffc56991000 	C:\WINDOWS\System32\KERNEL32.DLL
0x00007ffc54280000 - 0x00007ffc544f3000 	C:\WINDOWS\System32\KERNELBASE.dll
0x00007ffc545f0000 - 0x00007ffc54691000 	C:\WINDOWS\System32\ADVAPI32.dll
0x00007ffc56ec0000 - 0x00007ffc56f5e000 	C:\WINDOWS\System32\msvcrt.dll
0x00007ffc55de0000 - 0x00007ffc55e3b000 	C:\WINDOWS\System32\sechost.dll
0x00007ffc546a0000 - 0x00007ffc547c4000 	C:\WINDOWS\System32\RPCRT4.dll
0x00007ffc56750000 - 0x00007ffc568e0000 	C:\WINDOWS\System32\USER32.dll
0x00007ffc53440000 - 0x00007ffc53460000 	C:\WINDOWS\System32\win32u.dll
0x00007ffc56530000 - 0x00007ffc56558000 	C:\WINDOWS\System32\GDI32.dll
0x00007ffc53da0000 - 0x00007ffc53f32000 	C:\WINDOWS\System32\gdi32full.dll
0x00007ffc541e0000 - 0x00007ffc5427f000 	C:\WINDOWS\System32\msvcp_win.dll
0x00007ffc53c50000 - 0x00007ffc53d48000 	C:\WINDOWS\System32\ucrtbase.dll
0x00007ffc47ac0000 - 0x00007ffc47d29000 	C:\WINDOWS\WinSxS\amd64_microsoft.windows.common-controls_6595b64144ccf1df_6.0.17134.765_none_fb42a1a930655896\COMCTL32.dll
0x00007ffc569a0000 - 0x00007ffc56cc2000 	C:\WINDOWS\System32\combase.dll
0x00007ffc53460000 - 0x00007ffc534da000 	C:\WINDOWS\System32\bcryptPrimitives.dll
0x00007ffc547d0000 - 0x00007ffc547fd000 	C:\WINDOWS\System32\IMM32.DLL
0x000000006bbe0000 - 0x000000006bcb2000 	C:\Program Files\Java\jdk1.8.0_51\jre\bin\msvcr100.dll
0x000000006b350000 - 0x000000006bbd3000 	C:\Program Files\Java\jdk1.8.0_51\jre\bin\server\jvm.dll
0x00007ffc56fc0000 - 0x00007ffc56fc8000 	C:\WINDOWS\System32\PSAPI.DLL
0x00007ffc37290000 - 0x00007ffc37299000 	C:\WINDOWS\SYSTEM32\WSOCK32.dll
0x00007ffc56fd0000 - 0x00007ffc5703c000 	C:\WINDOWS\System32\WS2_32.dll
0x00007ffc516e0000 - 0x00007ffc51703000 	C:\WINDOWS\SYSTEM32\WINMM.dll
0x00007ffc49250000 - 0x00007ffc4925a000 	C:\WINDOWS\SYSTEM32\VERSION.dll
0x00007ffc51640000 - 0x00007ffc5166a000 	C:\WINDOWS\SYSTEM32\WINMMBASE.dll
0x00007ffc53d50000 - 0x00007ffc53d99000 	C:\WINDOWS\System32\cfgmgr32.dll
0x000000006b340000 - 0x000000006b34f000 	C:\Program Files\Java\jdk1.8.0_51\jre\bin\verify.dll
0x000000006b310000 - 0x000000006b339000 	C:\Program Files\Java\jdk1.8.0_51\jre\bin\java.dll
0x000000006b2f0000 - 0x000000006b306000 	C:\Program Files\Java\jdk1.8.0_51\jre\bin\zip.dll
0x00007ffc54800000 - 0x00007ffc55c40000 	C:\WINDOWS\System32\SHELL32.dll
0x00007ffc56e10000 - 0x00007ffc56eb9000 	C:\WINDOWS\System32\shcore.dll
0x00007ffc534e0000 - 0x00007ffc53bed000 	C:\WINDOWS\System32\windows.storage.dll
0x00007ffc56f60000 - 0x00007ffc56fb1000 	C:\WINDOWS\System32\shlwapi.dll
0x00007ffc533b0000 - 0x00007ffc533c1000 	C:\WINDOWS\System32\kernel.appcore.dll
0x00007ffc53420000 - 0x00007ffc5343f000 	C:\WINDOWS\System32\profapi.dll
0x00007ffc533d0000 - 0x00007ffc5341c000 	C:\WINDOWS\System32\powrprof.dll
0x00007ffc53380000 - 0x00007ffc5338a000 	C:\WINDOWS\System32\FLTLIB.DLL
0x000000006b2d0000 - 0x000000006b2ea000 	C:\Program Files\Java\jdk1.8.0_51\jre\bin\net.dll
0x00007ffc52ba0000 - 0x00007ffc52c06000 	C:\WINDOWS\system32\mswsock.dll
0x000000006b2b0000 - 0x000000006b2c1000 	C:\Program Files\Java\jdk1.8.0_51\jre\bin\nio.dll
0x00007ffc4d650000 - 0x00007ffc4d66e000 	C:\Users\longd\.gradle\native\25\windows-amd64\native-platform.dll
0x000000006b2a0000 - 0x000000006b2ad000 	C:\Program Files\Java\jdk1.8.0_51\jre\bin\management.dll
0x00007ffc52d50000 - 0x00007ffc52d67000 	C:\WINDOWS\SYSTEM32\CRYPTSP.dll
0x00007ffc52780000 - 0x00007ffc527b3000 	C:\WINDOWS\system32\rsaenh.dll
0x00007ffc52e80000 - 0x00007ffc52ea5000 	C:\WINDOWS\SYSTEM32\bcrypt.dll
0x00007ffc53280000 - 0x00007ffc532a8000 	C:\WINDOWS\SYSTEM32\USERENV.dll
0x00007ffc52d70000 - 0x00007ffc52d7b000 	C:\WINDOWS\SYSTEM32\CRYPTBASE.dll
0x00007ffc52920000 - 0x00007ffc52958000 	C:\WINDOWS\SYSTEM32\IPHLPAPI.DLL
0x00007ffc566c0000 - 0x00007ffc566c8000 	C:\WINDOWS\System32\NSI.dll
0x00007ffc48cc0000 - 0x00007ffc48cd6000 	C:\WINDOWS\SYSTEM32\dhcpcsvc6.DLL
0x00007ffc49260000 - 0x00007ffc4927a000 	C:\WINDOWS\SYSTEM32\dhcpcsvc.DLL
0x00007ffc3dd20000 - 0x00007ffc3dee9000 	C:\WINDOWS\SYSTEM32\dbghelp.dll

VM Arguments:
jvm_args: -XX:+HeapDumpOnOutOfMemoryError -Xmx1024m -Dfile.encoding=windows-1252 -Duser.country=US -Duser.language=en -Duser.variant 
java_command: org.gradle.launcher.daemon.bootstrap.GradleDaemon 4.10.2
java_class_path (initial): C:\Users\longd\.gradle\wrapper\dists\gradle-4.10.2-all\9fahxiiecdb76a5g3aw9oi8rv\gradle-4.10.2\lib\gradle-launcher-4.10.2.jar
Launcher Type: SUN_STANDARD

Environment Variables:
JAVA_HOME=C:\Program Files\Java\jdk1.8.0_51
CLASSPATH=D:\jsDev\ReatNative\PrimarySCommunity\android\\gradle\wrapper\gradle-wrapper.jar
PATH=C:\Users\longd\bin;C:\Program Files\Git\mingw64\bin;C:\Program Files\Git\usr\local\bin;C:\Program Files\Git\usr\bin;C:\Program Files\Git\usr\bin;C:\Program Files\Git\mingw64\bin;C:\Program Files\Git\usr\bin;C:\Users\longd\bin;C:\ProgramData\Oracle\Java\javapath;C:\app\LongLD\product\11.2.0\client_1;C:\WINDOWS\system32;C:\WINDOWS;C:\WINDOWS\System32\Wbem;C:\WINDOWS\System32\WindowsPowerShell\v1.0;C:\Program Files (x86)\Skype\Phone;C:\Program Files\Java\jdk1.8.0_51\bin;C:\Program Files\VisualSVN Server\bin;C:\Program Files\nodejs;C:\Program Files\TortoiseSVN\bin;C:\Program Files\Java\apache-maven-3.5.4\bin;C:\Program Files\Redis;C:\WINDOWS\System32\OpenSSH;C:\Program Files\Microsoft VS Code\bin;C:\Program Files\Git\cmd;C:\ProgramData\chocolatey\bin;C:\Program Files\Java\jdk1.8.0_191\bin;C:\Program Files\MongoDB\Server\4.0\bin;C:\Ruby24-x64\bin;C:\Ruby25-x64\bin;C:\Program Files\Microsoft VS Code\bin;C:\Users\longd\AppData\Roaming\npm;C:\Program Files\Java\jdk1.8.0_51\bin;C:\Users\longd\AppData\Local\Microsoft\WindowsApps;C:\Program Files\Java\apache-maven-3.5.4\bin;D:\Setup\ReactNative\SDK\platform-tools;C:\Program Files\Git\usr\bin\vendor_perl;C:\Program Files\Git\usr\bin\core_perl
USERNAME=LongLD
SHELL=C:\Program Files\Git\usr\bin\bash.exe
DISPLAY=needs-to-be-defined
OS=Windows_NT
PROCESSOR_IDENTIFIER=Intel64 Family 6 Model 69 Stepping 1, GenuineIntel



---------------  S Y S T E M  ---------------

OS: Windows 10.0 , 64 bit Build 17134 (10.0.17134.753)

CPU:total 4 (2 cores per cpu, 2 threads per core) family 6 model 69 stepping 1, cmov, cx8, fxsr, mmx, sse, sse2, sse3, ssse3, sse4.1, sse4.2, popcnt, avx, avx2, aes, clmul, erms, lzcnt, ht, tsc, tscinvbit, bmi1, bmi2

Memory: 4k page, physical 6187596k(542412k free), swap 10407376k(3168k free)

vm_info: Java HotSpot(TM) 64-Bit Server VM (25.51-b03) for windows-amd64 JRE (1.8.0_51-b16), built on Jun  8 2015 18:03:07 by "java_re" with MS VC++ 10.0 (VS2010)

time: Thu May 30 15:57:00 2019
elapsed time: 15 seconds (0d 0h 0m 15s)

